========Starting Iteration 1========
Create Pairlist
Execution time was 217 seconds.
Get Vocabulary
Execution time was 7 seconds.
Preprocess Data
Execution time was 188 seconds.
Train Model
Execution time was 1824 seconds.
Make Predictions: Model 1
Execution time was 8 seconds.
Make Predictions: SA Score
Execution time was 3 seconds.
Select Molecules for Generation
Execution time was 0 seconds.
Generate Molecules
Execution time was 1 seconds.
Make Predictions
Execution time was 2 seconds.
Add Molecules to Pairlist
Execution time was 3 seconds.
========Starting Iteration  2 ========
Get Vocabulary
Execution time was 0 seconds.
Preprocess Data
Execution time was 0 seconds.
Train Model
Execution time was 1 seconds.
Make Predictions: Model 1
Execution time was 2 seconds.
Make Predictions: SA Score
Execution time was 1 seconds.
Select Molecules for Generation
Execution time was 0 seconds.
Generate Molecules
Execution time was 2 seconds.
Make Predictions
Execution time was 2 seconds.
Add Molecules to Pairlist
Execution time was 3 seconds.
