========Starting Iteration 1========
Create Pairlist
Execution time was 135 seconds.
Get Vocabulary
Execution time was 7 seconds.
Preprocess Data
Execution time was 126 seconds.
Make Predictions: Model 1
Execution time was 9 seconds.
Make Predictions: SA Score
Execution time was 2 seconds.
========Starting Iteration 1========
Make Predictions: Model 1
Execution time was 2 seconds.
Make Predictions: SA Score
Execution time was 1 seconds.
Select Molecules for Generation
Execution time was 0 seconds.
========Starting Iteration 1========
Make Predictions: Model 1
Execution time was 9 seconds.
Make Predictions: SA Score
Execution time was 3 seconds.
Select Molecules for Generation
Execution time was 0 seconds.
========Starting Iteration 1========
Make Predictions: Model 1
Execution time was 9 seconds.
Make Predictions: SA Score
Execution time was 3 seconds.
Select Molecules for Generation
Execution time was 0 seconds.
========Starting Iteration 1========
Make Predictions: Model 1
Execution time was 9 seconds.
Make Predictions: SA Score
Execution time was 3 seconds.
Select Molecules for Generation
Execution time was 0 seconds.
========Starting Iteration 1========
Make Predictions: Model 1
Execution time was 8 seconds.
Make Predictions: SA Score
Execution time was 3 seconds.
Select Molecules for Generation
Execution time was 0 seconds.
========Starting Iteration 1========
Make Predictions: Model 1
Execution time was 9 seconds.
Make Predictions: SA Score
Execution time was 3 seconds.
Select Molecules for Generation
Execution time was 0 seconds.
========Starting Iteration 1========
Make Predictions: Model 1
Execution time was 7 seconds.
Make Predictions: SA Score
Execution time was 4 seconds.
Select Molecules for Generation
Execution time was 0 seconds.
========Starting Iteration 1========
Make Predictions: Model 1
========Starting Iteration 1========
Make Predictions: Model 1
========Starting Iteration 1========
Make Predictions: Model 1
Execution time was 20 seconds.
Make Predictions: SA Score
Execution time was 3 seconds.
Select Molecules for Generation
Execution time was 0 seconds.
========Starting Iteration 1========
Make Predictions: Model 1
Execution time was 9 seconds.
Make Predictions: SA Score
Execution time was 3 seconds.
Select Molecules for Generation
Execution time was 1 seconds.
