========Starting Iteration 1========
Create Pairlist
Execution time was 218 seconds.
Get Vocabulary
Execution time was 7 seconds.
Preprocess Data
Execution time was 215 seconds.
Train Model
Execution time was 1817 seconds.
Make Predictions: Model 1
Execution time was 9 seconds.
Make Predictions: SA Score
Execution time was 2 seconds.
Select Molecules for Generation
Execution time was 0 seconds.
Generate Molecules
Execution time was 1081 seconds.
Make Predictions
Execution time was 9 seconds.
Add Molecules to Pairlist
Execution time was 277 seconds.
========Starting Iteration  2 ========
Get Vocabulary
Execution time was 8 seconds.
Preprocess Data
Execution time was 250 seconds.
Train Model
Execution time was 5 seconds.
Make Predictions: Model 1
Execution time was 8 seconds.
Make Predictions: SA Score
Execution time was 3 seconds.
Select Molecules for Generation
Execution time was 0 seconds.
Generate Molecules
Execution time was 6 seconds.
Make Predictions
Execution time was 2 seconds.
Add Molecules to Pairlist
Execution time was 2 seconds.
========Starting Iteration 1========
Train Model
Execution time was 25 seconds.
Make Predictions: Model 1
Execution time was 2 seconds.
Make Predictions: SA Score
Execution time was 1 seconds.
Select Molecules for Generation
Execution time was 0 seconds.
Generate Molecules
========Starting Iteration 1========
Train Model
Execution time was 5 seconds.
Make Predictions: Model 1
========Starting Iteration 1========
Train Model
Execution time was 5 seconds.
Make Predictions: Model 1
========Starting Iteration 1========
Train Model
Execution time was 5 seconds.
Make Predictions: Model 1
Execution time was 9 seconds.
Make Predictions: SA Score
Execution time was 3 seconds.
Select Molecules for Generation
Execution time was 0 seconds.
Generate Molecules
========Starting Iteration 1========
Train Model
Execution time was 5 seconds.
========Starting Iteration 1========
Train Model
Execution time was 40 seconds.
========Starting Iteration 1========
========Starting Iteration  2 ========
Generate Molecules
Execution time was 5 seconds.
========Starting Iteration 1========
========Starting Iteration  2 ========
Train Model
Execution time was 5 seconds.
