========Starting Iteration 1========
Create Pairlist
Execution time was 210 seconds.
Get Vocabulary
Execution time was 7 seconds.
Preprocess Data
Execution time was 206 seconds.
Train Model
Execution time was 1731 seconds.
Make Predictions: Model 1
Execution time was 10 seconds.
Make Predictions: SA Score
Execution time was 2 seconds.
Select Molecules for Generation
Execution time was 0 seconds.
Generate Molecules
Execution time was 1026 seconds.
Make Predictions
Execution time was 9 seconds.
Add Molecules to Pairlist
Execution time was 266 seconds.
========Starting Iteration  2 ========
Get Vocabulary
Execution time was 8 seconds.
Preprocess Data
Execution time was 249 seconds.
Train Model
Execution time was 2504 seconds.
Make Predictions: Model 1
Execution time was 9 seconds.
Make Predictions: SA Score
Execution time was 3 seconds.
Select Molecules for Generation
Execution time was 0 seconds.
Generate Molecules
Execution time was 1220 seconds.
Make Predictions
Execution time was 9 seconds.
Add Molecules to Pairlist
Execution time was 313 seconds.
