========Starting Iteration 1========
Create Pairlist
Execution time was 105 seconds.
Get Vocabulary
Execution time was 6 seconds.
Preprocess Data
Execution time was 98 seconds.
Train Model
Execution time was 894 seconds.
========Starting Iteration 1========
Make Predictions: SA Score
Execution time was 5 seconds.
========Starting Iteration 1========
Make Predictions: SA Score
Execution time was 0 seconds.
========Starting Iteration 1========
Make Predictions: SA Score
Execution time was 1 seconds.
========Starting Iteration 1========
Make Predictions: SA Score
Execution time was 3 seconds.
